<?xml version="1.0" encoding="UTF-8"?>
<!-- Generated by org.testng.reporters.JUnitXMLReporter -->
<testsuite ignored="0" hostname="DESKTOP-7SU4C42" failures="0" tests="3" name="Default test" time="16.267" errors="0" timestamp="2023-10-24T13:11:26 EET">
  <testcase classname="mynewtest" name="LoginWithPerformanceUser" time="8.427"/>
  <testcase classname="mynewtest" name="LoginWithProblemUser" time="3.324"/>
  <testcase classname="mynewtest" name="LoginWithStandardUSer" time="3.26"/>
</testsuite> <!-- Default test -->
