<?xml version="1.0" encoding="UTF-8"?>
<testng-results ignored="0" total="3" passed="3" failed="0" skipped="0">
  <reporter-output>
  </reporter-output>
  <suite started-at="2023-10-24T13:11:09 EET" name="Default suite" finished-at="2023-10-24T13:11:25 EET" duration-ms="16267">
    <groups>
    </groups>
    <test started-at="2023-10-24T13:11:09 EET" name="Default test" finished-at="2023-10-24T13:11:25 EET" duration-ms="16267">
      <class name="mynewtest">
        <test-method is-config="true" signature="mySetup()[pri:0, instance:mynewtest@2ca47471]" started-at="2023-10-24T13:11:09 EET" name="mySetup" finished-at="2023-10-24T13:11:10 EET" duration-ms="1047" status="PASS">
          <reporter-output>
          </reporter-output>
        </test-method> <!-- mySetup -->
        <test-method signature="LoginWithPerformanceUser()[pri:0, instance:mynewtest@2ca47471]" started-at="2023-10-24T13:11:10 EET" name="LoginWithPerformanceUser" finished-at="2023-10-24T13:11:19 EET" duration-ms="8427" status="PASS">
          <reporter-output>
          </reporter-output>
        </test-method> <!-- LoginWithPerformanceUser -->
        <test-method is-config="true" signature="mySetup()[pri:0, instance:mynewtest@2ca47471]" started-at="2023-10-24T13:11:19 EET" name="mySetup" finished-at="2023-10-24T13:11:19 EET" duration-ms="110" status="PASS">
          <reporter-output>
          </reporter-output>
        </test-method> <!-- mySetup -->
        <test-method signature="LoginWithProblemUser()[pri:0, instance:mynewtest@2ca47471]" started-at="2023-10-24T13:11:19 EET" name="LoginWithProblemUser" finished-at="2023-10-24T13:11:22 EET" duration-ms="3324" status="PASS">
          <reporter-output>
          </reporter-output>
        </test-method> <!-- LoginWithProblemUser -->
        <test-method is-config="true" signature="mySetup()[pri:0, instance:mynewtest@2ca47471]" started-at="2023-10-24T13:11:22 EET" name="mySetup" finished-at="2023-10-24T13:11:22 EET" duration-ms="57" status="PASS">
          <reporter-output>
          </reporter-output>
        </test-method> <!-- mySetup -->
        <test-method signature="LoginWithStandardUSer()[pri:0, instance:mynewtest@2ca47471]" started-at="2023-10-24T13:11:22 EET" name="LoginWithStandardUSer" finished-at="2023-10-24T13:11:25 EET" duration-ms="3260" status="PASS">
          <reporter-output>
          </reporter-output>
        </test-method> <!-- LoginWithStandardUSer -->
        <test-method is-config="true" signature="myPostTesting()[pri:0, instance:mynewtest@2ca47471]" started-at="2023-10-24T13:11:25 EET" name="myPostTesting" finished-at="2023-10-24T13:11:25 EET" duration-ms="0" status="PASS">
          <reporter-output>
          </reporter-output>
        </test-method> <!-- myPostTesting -->
      </class> <!-- mynewtest -->
    </test> <!-- Default test -->
  </suite> <!-- Default suite -->
</testng-results>
